<?xml version="1.0" encoding="UTF-8"?>
<!-- Generated by org.testng.reporters.JUnitReportReporter -->
<testsuite skipped="0" hostname="SATHEZ-PC" name="testCase.FilpKart_LoginMainFiles" tests="1" failures="0" timestamp="14 May 2020 14:13:19 GMT" time="0.855" errors="0">
  <testcase name="loginkeys" time="0.855" classname="testCase.FilpKart_LoginMainFiles"/>
</testsuite> <!-- testCase.FilpKart_LoginMainFiles -->
