<?xml version="1.0" encoding="UTF-8"?>
<!-- Generated by org.testng.reporters.JUnitReportReporter -->
<testsuite skipped="0" hostname="SATHEZ-PC" name="testCase.Electronics_Item" tests="1" failures="0" timestamp="14 May 2020 17:22:02 GMT" time="23.778" errors="0">
  <testcase name="verify" time="23.778" classname="testCase.Electronics_Item"/>
</testsuite> <!-- testCase.Electronics_Item -->
